<?xml version="1.0" encoding="UTF-8"?>
<!-- Generated by org.testng.reporters.JUnitXMLReporter -->
<testsuite ignored="1" hostname="LAPTOP-KIS89C40" failures="0" tests="3" name="Surefire test" time="38.742" errors="0" timestamp="2023-09-11T16:48:17 IST">
  <testcase classname="org.example.testCases.OrangeHRMTest" name="regression_dashboardValidate" time="8.534"/>
  <testcase classname="org.example.testCases.OrangeHRMTest" name="regression_login" time="0.977"/>
  <testcase classname="org.example.testCases.OrangeHRMTest" name="regression_login_invalid" time="2.406"/>
  <testcase classname="org.example.testCases.TestBrowserStack" name="browserStackCoreFeatures" time="0.0">
    <ignored/>
  </testcase> <!-- browserStackCoreFeatures -->
</testsuite> <!-- Surefire test -->
