<?xml version="1.0" encoding="UTF-8"?>
<!-- Generated by org.testng.reporters.JUnitXMLReporter -->
<testsuite ignored="1" hostname="LAPTOP-KIS89C40" failures="0" tests="3" name="Surefire test" time="39.965" errors="0" timestamp="2023-09-11T17:59:16 IST">
  <testcase classname="org.example.testCases.OrangeHRMTest" name="regression_dashboardValidate" time="9.601"/>
  <testcase classname="org.example.testCases.OrangeHRMTest" name="regression_login" time="2.105"/>
  <testcase classname="org.example.testCases.OrangeHRMTest" name="regression_login_invalid" time="2.54"/>
  <testcase classname="org.example.testCases.TestBrowserStack" name="browserStackCoreFeatures" time="0.0">
    <ignored/>
  </testcase> <!-- browserStackCoreFeatures -->
</testsuite> <!-- Surefire test -->
