<?xml version="1.0" encoding="UTF-8"?>
<testng-results ignored="0" total="3" passed="3" failed="0" skipped="0">
  <reporter-output>
  </reporter-output>
  <suite started-at="2023-09-11T17:58:36 IST" name="Surefire suite" finished-at="2023-09-11T17:59:16 IST" duration-ms="39965">
    <groups>
    </groups>
    <test started-at="2023-09-11T17:58:36 IST" name="Surefire test" finished-at="2023-09-11T17:59:16 IST" duration-ms="39965">
      <class name="org.example.testCases.OrangeHRMTest">
        <test-method is-config="true" signature="reportConfig()[pri:0, instance:org.example.testCases.OrangeHRMTest@a2431d0]" started-at="2023-09-11T17:58:36 IST" name="reportConfig" finished-at="2023-09-11T17:58:36 IST" duration-ms="399" status="PASS">
          <reporter-output>
          </reporter-output>
        </test-method> <!-- reportConfig -->
        <test-method is-config="true" signature="LaunchApp()[pri:0, instance:org.example.testCases.OrangeHRMTest@a2431d0]" started-at="2023-09-11T17:58:36 IST" name="LaunchApp" finished-at="2023-09-11T17:58:47 IST" duration-ms="10319" status="PASS">
          <reporter-output>
          </reporter-output>
        </test-method> <!-- LaunchApp -->
        <test-method signature="regression_dashboardValidate()[pri:0, instance:org.example.testCases.OrangeHRMTest@a2431d0]" started-at="2023-09-11T17:58:47 IST" name="regression_dashboardValidate" finished-at="2023-09-11T17:58:56 IST" duration-ms="9601" status="PASS">
          <reporter-output>
          </reporter-output>
        </test-method> <!-- regression_dashboardValidate -->
        <test-method is-config="true" signature="postTest()[pri:0, instance:org.example.testCases.OrangeHRMTest@a2431d0]" started-at="2023-09-11T17:58:56 IST" name="postTest" finished-at="2023-09-11T17:58:57 IST" duration-ms="206" status="PASS">
          <reporter-output>
          </reporter-output>
        </test-method> <!-- postTest -->
        <test-method is-config="true" signature="LaunchApp()[pri:0, instance:org.example.testCases.OrangeHRMTest@a2431d0]" started-at="2023-09-11T17:58:57 IST" name="LaunchApp" finished-at="2023-09-11T17:59:04 IST" duration-ms="7229" status="PASS">
          <reporter-output>
          </reporter-output>
        </test-method> <!-- LaunchApp -->
        <test-method signature="regression_login()[pri:0, instance:org.example.testCases.OrangeHRMTest@a2431d0]" started-at="2023-09-11T17:59:04 IST" name="regression_login" finished-at="2023-09-11T17:59:06 IST" duration-ms="2105" status="PASS">
          <reporter-output>
          </reporter-output>
        </test-method> <!-- regression_login -->
        <test-method is-config="true" signature="postTest()[pri:0, instance:org.example.testCases.OrangeHRMTest@a2431d0]" started-at="2023-09-11T17:59:06 IST" name="postTest" finished-at="2023-09-11T17:59:06 IST" duration-ms="282" status="PASS">
          <reporter-output>
          </reporter-output>
        </test-method> <!-- postTest -->
        <test-method is-config="true" signature="LaunchApp()[pri:0, instance:org.example.testCases.OrangeHRMTest@a2431d0]" started-at="2023-09-11T17:59:06 IST" name="LaunchApp" finished-at="2023-09-11T17:59:13 IST" duration-ms="6589" status="PASS">
          <reporter-output>
          </reporter-output>
        </test-method> <!-- LaunchApp -->
        <test-method signature="regression_login_invalid()[pri:0, instance:org.example.testCases.OrangeHRMTest@a2431d0]" started-at="2023-09-11T17:59:13 IST" name="regression_login_invalid" finished-at="2023-09-11T17:59:15 IST" duration-ms="2540" status="PASS">
          <reporter-output>
          </reporter-output>
        </test-method> <!-- regression_login_invalid -->
        <test-method is-config="true" signature="postTest()[pri:0, instance:org.example.testCases.OrangeHRMTest@a2431d0]" started-at="2023-09-11T17:59:15 IST" name="postTest" finished-at="2023-09-11T17:59:15 IST" duration-ms="91" status="PASS">
          <reporter-output>
          </reporter-output>
        </test-method> <!-- postTest -->
        <test-method is-config="true" signature="flush()[pri:0, instance:org.example.testCases.OrangeHRMTest@a2431d0]" started-at="2023-09-11T17:59:15 IST" name="flush" finished-at="2023-09-11T17:59:16 IST" duration-ms="531" status="PASS">
          <reporter-output>
          </reporter-output>
        </test-method> <!-- flush -->
      </class> <!-- org.example.testCases.OrangeHRMTest -->
    </test> <!-- Surefire test -->
  </suite> <!-- Surefire suite -->
</testng-results>
