<?xml version="1.0" encoding="UTF-8"?>
<testng-results ignored="0" total="3" passed="3" failed="0" skipped="0">
  <reporter-output>
  </reporter-output>
  <suite started-at="2023-09-11T16:47:38 IST" name="Surefire suite" finished-at="2023-09-11T16:48:17 IST" duration-ms="38742">
    <groups>
    </groups>
    <test started-at="2023-09-11T16:47:38 IST" name="Surefire test" finished-at="2023-09-11T16:48:17 IST" duration-ms="38742">
      <class name="org.example.testCases.OrangeHRMTest">
        <test-method is-config="true" signature="reportConfig()[pri:0, instance:org.example.testCases.OrangeHRMTest@1cbb87f3]" started-at="2023-09-11T16:47:38 IST" name="reportConfig" finished-at="2023-09-11T16:47:38 IST" duration-ms="312" status="PASS">
          <reporter-output>
          </reporter-output>
        </test-method> <!-- reportConfig -->
        <test-method is-config="true" signature="LaunchApp()[pri:0, instance:org.example.testCases.OrangeHRMTest@1cbb87f3]" started-at="2023-09-11T16:47:38 IST" name="LaunchApp" finished-at="2023-09-11T16:47:49 IST" duration-ms="10847" status="PASS">
          <reporter-output>
          </reporter-output>
        </test-method> <!-- LaunchApp -->
        <test-method signature="regression_dashboardValidate()[pri:0, instance:org.example.testCases.OrangeHRMTest@1cbb87f3]" started-at="2023-09-11T16:47:49 IST" name="regression_dashboardValidate" finished-at="2023-09-11T16:47:58 IST" duration-ms="8534" status="PASS">
          <reporter-output>
          </reporter-output>
        </test-method> <!-- regression_dashboardValidate -->
        <test-method is-config="true" signature="postTest()[pri:0, instance:org.example.testCases.OrangeHRMTest@1cbb87f3]" started-at="2023-09-11T16:47:58 IST" name="postTest" finished-at="2023-09-11T16:47:58 IST" duration-ms="109" status="PASS">
          <reporter-output>
          </reporter-output>
        </test-method> <!-- postTest -->
        <test-method is-config="true" signature="LaunchApp()[pri:0, instance:org.example.testCases.OrangeHRMTest@1cbb87f3]" started-at="2023-09-11T16:47:58 IST" name="LaunchApp" finished-at="2023-09-11T16:48:05 IST" duration-ms="7734" status="PASS">
          <reporter-output>
          </reporter-output>
        </test-method> <!-- LaunchApp -->
        <test-method signature="regression_login()[pri:0, instance:org.example.testCases.OrangeHRMTest@1cbb87f3]" started-at="2023-09-11T16:48:05 IST" name="regression_login" finished-at="2023-09-11T16:48:06 IST" duration-ms="977" status="PASS">
          <reporter-output>
          </reporter-output>
        </test-method> <!-- regression_login -->
        <test-method is-config="true" signature="postTest()[pri:0, instance:org.example.testCases.OrangeHRMTest@1cbb87f3]" started-at="2023-09-11T16:48:06 IST" name="postTest" finished-at="2023-09-11T16:48:07 IST" duration-ms="179" status="PASS">
          <reporter-output>
          </reporter-output>
        </test-method> <!-- postTest -->
        <test-method is-config="true" signature="LaunchApp()[pri:0, instance:org.example.testCases.OrangeHRMTest@1cbb87f3]" started-at="2023-09-11T16:48:07 IST" name="LaunchApp" finished-at="2023-09-11T16:48:13 IST" duration-ms="6772" status="PASS">
          <reporter-output>
          </reporter-output>
        </test-method> <!-- LaunchApp -->
        <test-method signature="regression_login_invalid()[pri:0, instance:org.example.testCases.OrangeHRMTest@1cbb87f3]" started-at="2023-09-11T16:48:13 IST" name="regression_login_invalid" finished-at="2023-09-11T16:48:16 IST" duration-ms="2406" status="PASS">
          <reporter-output>
          </reporter-output>
        </test-method> <!-- regression_login_invalid -->
        <test-method is-config="true" signature="postTest()[pri:0, instance:org.example.testCases.OrangeHRMTest@1cbb87f3]" started-at="2023-09-11T16:48:16 IST" name="postTest" finished-at="2023-09-11T16:48:16 IST" duration-ms="159" status="PASS">
          <reporter-output>
          </reporter-output>
        </test-method> <!-- postTest -->
        <test-method is-config="true" signature="flush()[pri:0, instance:org.example.testCases.OrangeHRMTest@1cbb87f3]" started-at="2023-09-11T16:48:16 IST" name="flush" finished-at="2023-09-11T16:48:17 IST" duration-ms="654" status="PASS">
          <reporter-output>
          </reporter-output>
        </test-method> <!-- flush -->
      </class> <!-- org.example.testCases.OrangeHRMTest -->
    </test> <!-- Surefire test -->
  </suite> <!-- Surefire suite -->
</testng-results>
